<?xml version="1.0" encoding="UTF-8"?>
<testsuite name="instructionsTest.WriteInstructionTest" tests="1" skipped="0" failures="0" errors="0" timestamp="2024-08-02T17:49:24" hostname="FINCHCOMP" time="0.006">
  <properties/>
  <testcase name="testWriteInstructionToRAM()" classname="instructionsTest.WriteInstructionTest" time="0.006"/>
  <system-out><![CDATA[]]></system-out>
  <system-err><![CDATA[]]></system-err>
</testsuite>
