<?xml version="1.0" encoding="UTF-8"?>
<testsuite name="instructionsTest.StoreInstructionTest" tests="1" skipped="0" failures="0" errors="0" timestamp="2024-08-02T17:49:24" hostname="FINCHCOMP" time="0.005">
  <properties/>
  <testcase name="testStoreInstruction()" classname="instructionsTest.StoreInstructionTest" time="0.005"/>
  <system-out><![CDATA[]]></system-out>
  <system-err><![CDATA[]]></system-err>
</testsuite>
