<?xml version="1.0" encoding="UTF-8"?>
<testsuite name="instructionsTest.SetAInstructionTest" tests="1" skipped="0" failures="0" errors="0" timestamp="2024-08-02T20:52:30" hostname="FINCHCOMP" time="0.005">
  <properties/>
  <testcase name="testSetAInstruction()" classname="instructionsTest.SetAInstructionTest" time="0.005"/>
  <system-out><![CDATA[]]></system-out>
  <system-err><![CDATA[]]></system-err>
</testsuite>
