<?xml version="1.0" encoding="UTF-8"?>
<testsuite name="instructionsTest.ReadKeyboardInstructionTest" tests="3" skipped="0" failures="0" errors="0" timestamp="2024-07-30T17:20:44" hostname="FINCHCOMP" time="1.949">
  <properties/>
  <testcase name="testReadKeyboardInstructionInvalidInput()" classname="instructionsTest.ReadKeyboardInstructionTest" time="1.926"/>
  <testcase name="testReadKeyboardInstructionEmptyInput()" classname="instructionsTest.ReadKeyboardInstructionTest" time="0.005"/>
  <testcase name="testReadKeyboardInstructionValidInput()" classname="instructionsTest.ReadKeyboardInstructionTest" time="0.005"/>
  <system-out><![CDATA[]]></system-out>
  <system-err><![CDATA[]]></system-err>
</testsuite>
