<?xml version="1.0" encoding="UTF-8"?>
<testsuite name="instructionsTest.DrawInstructionTest" tests="2" skipped="0" failures="0" errors="0" timestamp="2024-08-02T20:52:28" hostname="FINCHCOMP" time="0.007">
  <properties/>
  <testcase name="testDrawInstruction()" classname="instructionsTest.DrawInstructionTest" time="0.004"/>
  <testcase name="testDrawInstructionValueOutOfRange()" classname="instructionsTest.DrawInstructionTest" time="0.002"/>
  <system-out><![CDATA[========
????????
????????
???A????
????????
????????
????????
????????
????????
========
]]></system-out>
  <system-err><![CDATA[]]></system-err>
</testsuite>
