<?xml version="1.0" encoding="UTF-8"?>
<testsuite name="instructionsTest.AddInstructionTest" tests="1" skipped="0" failures="0" errors="0" timestamp="2024-07-25T18:49:04" hostname="FINCHCOMP" time="0.049">
  <properties/>
  <testcase name="testAddInstruction()" classname="instructionsTest.AddInstructionTest" time="0.049"/>
  <system-out><![CDATA[15
]]></system-out>
  <system-err><![CDATA[]]></system-err>
</testsuite>
