<?xml version="1.0" encoding="UTF-8"?>
<testsuite name="instructionsTest.DrawInstructionTest" tests="2" skipped="0" failures="0" errors="0" timestamp="2024-07-31T16:51:58" hostname="FINCHCOMP" time="0.062">
  <properties/>
  <testcase name="testDrawInstruction()" classname="instructionsTest.DrawInstructionTest" time="0.041"/>
  <testcase name="testDrawInstructionValueOutOfRange()" classname="instructionsTest.DrawInstructionTest" time="0.019"/>
  <system-out><![CDATA[]]></system-out>
  <system-err><![CDATA[]]></system-err>
</testsuite>
