<?xml version="1.0" encoding="UTF-8"?>
<testsuite name="instructionsTest.SkipEqualInstructionTest" tests="2" skipped="0" failures="0" errors="0" timestamp="2024-08-02T17:49:24" hostname="FINCHCOMP" time="0.009">
  <properties/>
  <testcase name="testSkipEqualInstructionEqualRegisters()" classname="instructionsTest.SkipEqualInstructionTest" time="0.004"/>
  <testcase name="testSkipEqualInstructionNotEqualRegisters()" classname="instructionsTest.SkipEqualInstructionTest" time="0.003"/>
  <system-out><![CDATA[]]></system-out>
  <system-err><![CDATA[]]></system-err>
</testsuite>
