<?xml version="1.0" encoding="UTF-8"?>
<testsuite name="ScreenTest" tests="2" skipped="0" failures="0" errors="0" timestamp="2024-08-02T20:52:27" hostname="FINCHCOMP" time="0.15">
  <properties/>
  <testcase name="testScreenInitialization()" classname="ScreenTest" time="0.001"/>
  <testcase name="testClearScreen()" classname="ScreenTest" time="0.148"/>
  <system-out><![CDATA[]]></system-out>
  <system-err><![CDATA[]]></system-err>
</testsuite>
