<?xml version="1.0" encoding="UTF-8"?>
<testsuite name="instructionsTest.DrawInstructionTest" tests="2" skipped="0" failures="0" errors="0" timestamp="2024-08-02T17:49:21" hostname="FINCHCOMP" time="0.011">
  <properties/>
  <testcase name="testDrawInstruction()" classname="instructionsTest.DrawInstructionTest" time="0.007"/>
  <testcase name="testDrawInstructionValueOutOfRange()" classname="instructionsTest.DrawInstructionTest" time="0.003"/>
  <system-out><![CDATA[========
????????
????????
???A????
????????
????????
????????
????????
????????
========
]]></system-out>
  <system-err><![CDATA[]]></system-err>
</testsuite>
