<?xml version="1.0" encoding="UTF-8"?>
<testsuite name="instructionsTest.WriteInstructionTest" tests="1" skipped="0" failures="0" errors="0" timestamp="2024-07-25T20:07:01" hostname="FINCHCOMP" time="0.077">
  <properties/>
  <testcase name="testWriteInstructionToROM()" classname="instructionsTest.WriteInstructionTest" time="0.077"/>
  <system-out><![CDATA[]]></system-out>
  <system-err><![CDATA[]]></system-err>
</testsuite>
