<?xml version="1.0" encoding="UTF-8"?>
<testsuite name="instructionsTest.SkipEqualInstructionTest" tests="2" skipped="0" failures="0" errors="0" timestamp="2024-08-02T20:52:30" hostname="FINCHCOMP" time="0.006">
  <properties/>
  <testcase name="testSkipEqualInstructionEqualRegisters()" classname="instructionsTest.SkipEqualInstructionTest" time="0.003"/>
  <testcase name="testSkipEqualInstructionNotEqualRegisters()" classname="instructionsTest.SkipEqualInstructionTest" time="0.001"/>
  <system-out><![CDATA[]]></system-out>
  <system-err><![CDATA[]]></system-err>
</testsuite>
