<?xml version="1.0" encoding="UTF-8"?>
<testsuite name="instructionsTest.SkipNotEqualInstructionTest" tests="2" skipped="0" failures="0" errors="0" timestamp="2024-07-30T17:59:59" hostname="FINCHCOMP" time="0.093">
  <properties/>
  <testcase name="testSkipNotEqualInstructionEqualRegisters()" classname="instructionsTest.SkipNotEqualInstructionTest" time="0.087"/>
  <testcase name="testSkipNotEqualInstructionNotEqualRegisters()" classname="instructionsTest.SkipNotEqualInstructionTest" time="0.002"/>
  <system-out><![CDATA[]]></system-out>
  <system-err><![CDATA[]]></system-err>
</testsuite>
