<?xml version="1.0" encoding="UTF-8"?>
<testsuite name="instructionsTest.JumpInstructionTest" tests="1" skipped="0" failures="0" errors="0" timestamp="2024-07-25T20:14:19" hostname="FINCHCOMP" time="0.151">
  <properties/>
  <testcase name="testJumpInstructionInvalidAddress()" classname="instructionsTest.JumpInstructionTest" time="0.151"/>
  <system-out><![CDATA[]]></system-out>
  <system-err><![CDATA[]]></system-err>
</testsuite>
