<?xml version="1.0" encoding="UTF-8"?>
<testsuite name="CPUTest" tests="3" skipped="0" failures="0" errors="0" timestamp="2024-08-02T20:52:26" hostname="FINCHCOMP" time="1.26">
  <properties/>
  <testcase name="testTimerInitialization()" classname="CPUTest" time="1.146"/>
  <testcase name="testCPUInitialization()" classname="CPUTest" time="0.006"/>
  <testcase name="testStopCPU()" classname="CPUTest" time="0.103"/>
  <system-out><![CDATA[]]></system-out>
  <system-err><![CDATA[]]></system-err>
</testsuite>
