<?xml version="1.0" encoding="UTF-8"?>
<testsuite name="instructionsTest.JumpInstructionTest" tests="2" skipped="0" failures="0" errors="0" timestamp="2024-08-02T17:49:21" hostname="FINCHCOMP" time="0.059">
  <properties/>
  <testcase name="testJumpInstructionValidAddress()" classname="instructionsTest.JumpInstructionTest" time="0.005"/>
  <testcase name="testJumpInstructionInvalidAddress()" classname="instructionsTest.JumpInstructionTest" time="0.053"/>
  <system-out><![CDATA[]]></system-out>
  <system-err><![CDATA[]]></system-err>
</testsuite>
