<?xml version="1.0" encoding="UTF-8"?>
<testsuite name="instructionsTest.ConvertToBase10InstructionTest" tests="1" skipped="0" failures="0" errors="0" timestamp="2024-08-02T17:49:21" hostname="FINCHCOMP" time="0.004">
  <properties/>
  <testcase name="testConvertToBase10Instruction()" classname="instructionsTest.ConvertToBase10InstructionTest" time="0.004"/>
  <system-out><![CDATA[]]></system-out>
  <system-err><![CDATA[]]></system-err>
</testsuite>
