<?xml version="1.0" encoding="UTF-8"?>
<testsuite name="instructionsTest.ReadInstructionTest" tests="2" skipped="0" failures="0" errors="0" timestamp="2024-07-25T19:44:44" hostname="FINCHCOMP" time="0.047">
  <properties/>
  <testcase name="testReadInstructionFromRAM()" classname="instructionsTest.ReadInstructionTest" time="0.041"/>
  <testcase name="testReadInstructionFromROM()" classname="instructionsTest.ReadInstructionTest" time="0.005"/>
  <system-out><![CDATA[]]></system-out>
  <system-err><![CDATA[]]></system-err>
</testsuite>
