<?xml version="1.0" encoding="UTF-8"?>
<testsuite name="instructionsTest.SubInstructionTest" tests="1" skipped="0" failures="0" errors="0" timestamp="2024-07-25T19:18:27" hostname="FINCHCOMP" time="0.044">
  <properties/>
  <testcase name="testSubInstruction()" classname="instructionsTest.SubInstructionTest" time="0.044"/>
  <system-out><![CDATA[]]></system-out>
  <system-err><![CDATA[]]></system-err>
</testsuite>
