<?xml version="1.0" encoding="UTF-8"?>
<testsuite name="instructionsTest.SkipEqualInstructionTest" tests="2" skipped="0" failures="0" errors="0" timestamp="2024-07-30T17:56:49" hostname="FINCHCOMP" time="0.115">
  <properties/>
  <testcase name="testSkipEqualInstructionEqualRegisters()" classname="instructionsTest.SkipEqualInstructionTest" time="0.11"/>
  <testcase name="testSkipEqualInstructionNotEqualRegisters()" classname="instructionsTest.SkipEqualInstructionTest" time="0.002"/>
  <system-out><![CDATA[]]></system-out>
  <system-err><![CDATA[]]></system-err>
</testsuite>
